#
# A fatal error has been detected by the Java Runtime Environment:
#
#  EXCEPTION_ACCESS_VIOLATION (0xc0000005) at pc=0x00007ffc70b99f49, pid=9040, tid=11548
#
# JRE version: OpenJDK Runtime Environment (21.0.1+12) (build 21.0.1+12-29)
# Java VM: OpenJDK 64-Bit Server VM (21.0.1+12-29, mixed mode, sharing, tiered, compressed oops, compressed class ptrs, g1 gc, windows-amd64)
# Problematic frame:
# V  [jvm.dll+0x229f49]
#
# No core dump will be written. Minidumps are not enabled by default on client versions of Windows
#
# If you would like to submit a bug report, please visit:
#   https://bugreport.java.com/bugreport/crash.jsp
#

---------------  S U M M A R Y ------------

Command Line: -javaagent:C:\Program Files\JetBrains\IntelliJ IDEA Community Edition 2023.2.3\lib\idea_rt.jar=52275:C:\Program Files\JetBrains\IntelliJ IDEA Community Edition 2023.2.3\bin -Dfile.encoding=UTF-8 -Dsun.stdout.encoding=UTF-8 -Dsun.stderr.encoding=UTF-8 com.example.transportsapi.TransportsApiApplication

Host: Intel(R) Core(TM) i7-5500U CPU @ 2.40GHz, 4 cores, 15G,  Windows 10 , 64 bit Build 19041 (10.0.19041.3636)
Time: Wed Jan 31 18:31:28 2024 SA Pacific Standard Time elapsed time: 9.099505 seconds (0d 0h 0m 9s)

---------------  T H R E A D  ---------------

Current thread (0x0000023b5b1fcda0):  JavaThread "C2 CompilerThread0" daemon [_thread_in_native, id=11548, stack(0x00000077fef00000,0x00000077ff000000) (1024K)]


Current CompileTask:
C2:   9099 6136       4       com.mysql.cj.util.StringInspector::indexOfNextChar (1428 bytes)

Stack: [0x00000077fef00000,0x00000077ff000000],  sp=0x00000077feffc8a0,  free space=1010k
Native frames: (J=compiled Java code, j=interpreted, Vv=VM code, C=native code)
V  [jvm.dll+0x229f49]
V  [jvm.dll+0x22a166]
V  [jvm.dll+0x1e1c78]
V  [jvm.dll+0x249c22]
V  [jvm.dll+0x2490b1]
V  [jvm.dll+0x1c9ca1]
V  [jvm.dll+0x2586b9]
V  [jvm.dll+0x256c9a]
V  [jvm.dll+0x3ef1b6]
V  [jvm.dll+0x7fd728]
V  [jvm.dll+0x6c777d]
C  [ucrtbase.dll+0x21bb2]
C  [KERNEL32.DLL+0x17344]
C  [ntdll.dll+0x526b1]


siginfo: EXCEPTION_ACCESS_VIOLATION (0xc0000005), reading address 0xffffffffffffffff


Registers:
RAX=0x0069006c00610076, RBX=0x00000077feffca20, RCX=0x00000077feffcce0, RDX=0x0000000000000001
RSP=0x00000077feffc8a0, RBP=0x0000023b5bd3ed28, RSI=0x0000023b5b432448, RDI=0x0000023b5b30ebc8
R8 =0x000000000001003c, R9 =0x0000023ba4274310, R10=0x0000000000000014, R11=0x000000000000004f
R12=0x0000023b5b432070, R13=0x00000077feffca20, R14=0x0000000000000001, R15=0x0000000000000000
RIP=0x00007ffc70b99f49, EFLAGS=0x0000000000010206


Register to memory mapping:

RAX=0x0069006c00610076 is an unknown value
RBX=0x00000077feffca20 is pointing into the stack for thread: 0x0000023b5b1fcda0
RCX=0x00000077feffcce0 is pointing into the stack for thread: 0x0000023b5b1fcda0
RDX=0x0000000000000001 is an unknown value
RSP=0x00000077feffc8a0 is pointing into the stack for thread: 0x0000023b5b1fcda0
RBP=0x0000023b5bd3ed28 points into unknown readable memory: 0x00007ffc71304f90 | 90 4f 30 71 fc 7f 00 00
RSI=0x0000023b5b432448 points into unknown readable memory: 0x88000700915b68af | af 68 5b 91 00 07 00 88
RDI=0x0000023b5b30ebc8 points into unknown readable memory: 0x0074006100720069 | 69 00 72 00 61 00 74 00
R8 =0x000000000001003c is an unknown value
R9 =0x0000023ba4274310 points into unknown readable memory: 0x0000023ba2e2a0a0 | a0 a0 e2 a2 3b 02 00 00
R10=0x0000000000000014 is an unknown value
R11=0x000000000000004f is an unknown value
R12=0x0000023b5b432070 points into unknown readable memory: 0x0000000000000002 | 02 00 00 00 00 00 00 00
R13=0x00000077feffca20 is pointing into the stack for thread: 0x0000023b5b1fcda0
R14=0x0000000000000001 is an unknown value
R15=0x0 is null

Top of Stack: (sp=0x00000077feffc8a0)
0x00000077feffc8a0:   0000023b00000030 0000000000000007
0x00000077feffc8b0:   0000023b5b432070 0000023ba2389320
0x00000077feffc8c0:   00000077feffce60 0000000000000001
0x00000077feffc8d0:   0000000000000016 00007ffc70b9a166
0x00000077feffc8e0:   0000023b5b432060 00000077feffca20
0x00000077feffc8f0:   00000077feffca10 0000023b5b432448
0x00000077feffc900:   00000000000003d8 00007ffc70b51c78
0x00000077feffc910:   00000077feffcd80 0000023b5b432448
0x00000077feffc920:   00000077feffce60 0000023b5b432060
0x00000077feffc930:   0000000000000000 0000000000000000
0x00000077feffc940:   0000000000000007 0000023b5b432060
0x00000077feffc950:   0000023ba1a25fe0 0000023ba1a27fd0
0x00000077feffc960:   0000023ba1a2dfc8 00000000000dc938
0x00000077feffc970:   0000023b5b432070 0000000000000000
0x00000077feffc980:   0000000000000000 0000000000000000
0x00000077feffc990:   0000000000000010 0000000000002d00
0x00000077feffc9a0:   0000023b5b1e8cf0 00007ffc71319688
0x00000077feffc9b0:   0000000000000000 0000000000000000
0x00000077feffc9c0:   0000000000000000 00007ffc71319688
0x00000077feffc9d0:   0000000000007f00 00007ffc70a33e1e
0x00000077feffc9e0:   00007ffc0000000c 00000077feffe240
0x00000077feffc9f0:   0000023ba4ca6080 0000023b5b1e8c01
0x00000077feffca00:   0000023ba4ba7080 0000023b000005d5
0x00000077feffca10:   00000077feffc940 0000023b5b432070
0x00000077feffca20:   00007ffc71319630 000000000000000d
0x00000077feffca30:   00000077feffe240 00000077feffcd80
0x00000077feffca40:   0000023ba1a81000 0000023b5b1e8cf0
0x00000077feffca50:   000000000000000a 00000077feffe240
0x00000077feffca60:   0000023ba4a74d90 0000000000000000
0x00000077feffca70:   0000023ba4ce05c0 0000023b5ba7c2f0
0x00000077feffca80:   0000023b5ba7dd68 00000077feffcce0
0x00000077feffca90:   00000077feffce80 0000023b000005d5 

Instructions: (pc=0x00007ffc70b99f49)
0x00007ffc70b99e49:   48 89 07 48 8d 4f 20 8b 93 e0 00 00 00 e8 a5 0a
0x00007ffc70b99e59:   19 00 48 8b 5c 24 30 48 8b c7 48 83 c4 20 5f c3
0x00007ffc70b99e69:   cc cc cc cc cc cc cc 48 89 5c 24 08 48 89 6c 24
0x00007ffc70b99e79:   10 48 89 74 24 18 57 48 83 ec 20 8b 79 28 48 8b
0x00007ffc70b99e89:   ea ff cf 48 8b d9 3b 79 18 73 0a 48 8b 41 20 48
0x00007ffc70b99e99:   8b 34 f8 eb 02 33 f6 48 8b 06 48 8b ce ff 50 20
0x00007ffc70b99ea9:   48 3b c6 74 03 2b 7b 48 4c 8b c5 48 8d 4b 10 8b
0x00007ffc70b99eb9:   d7 e8 61 c2 47 00 ff 43 28 48 8b 5c 24 30 48 8b
0x00007ffc70b99ec9:   6c 24 38 48 8b 74 24 40 48 83 c4 20 5f c3 cc cc
0x00007ffc70b99ed9:   cc cc cc cc cc cc cc 48 89 5c 24 10 48 89 6c 24
0x00007ffc70b99ee9:   18 48 89 74 24 20 57 41 55 41 56 48 83 ec 20 4c
0x00007ffc70b99ef9:   89 7c 24 40 48 8b ea 45 33 ff 4c 8b e9 45 8d 77
0x00007ffc70b99f09:   01 44 39 7a 48 0f 86 a4 00 00 00 0f 1f 40 00 0f
0x00007ffc70b99f19:   1f 84 00 00 00 00 00 48 8b 45 40 41 8b d6 4a 8b
0x00007ffc70b99f29:   3c f8 49 8b 45 18 44 8b 47 18 48 8b 48 48 4c 8b
0x00007ffc70b99f39:   49 78 0f 1f 44 00 00 45 85 c0 74 09 48 8b 47 20
0x00007ffc70b99f49:   48 8b 08 eb 02 33 c9 8b c2 48 8d 34 c5 00 00 00
0x00007ffc70b99f59:   00 48 8b 41 08 48 8b 0c 30 8b 41 28 49 39 2c c1
0x00007ffc70b99f69:   74 04 ff c2 eb d1 41 8b de 39 5f 28 76 34 3b 5f
0x00007ffc70b99f79:   18 73 0c 48 8b 57 20 8b c3 48 8b 14 c2 eb 02 33
0x00007ffc70b99f89:   d2 8b 42 2c 83 e0 0f 3c 0c 75 17 4c 8b 42 08 49
0x00007ffc70b99f99:   8b cd 4d 8b 04 30 e8 dc 01 00 00 ff c3 3b 5f 28
0x00007ffc70b99fa9:   72 cc 41 ff c7 44 3b 7d 48 0f 82 68 ff ff ff 8b
0x00007ffc70b99fb9:   7d 28 4c 8b 7c 24 40 ff cf 3b 7d 18 73 0a 48 8b
0x00007ffc70b99fc9:   45 20 48 8b 1c f8 eb 02 33 db 48 8b 03 48 8b cb
0x00007ffc70b99fd9:   ff 50 20 48 3b c3 74 03 2b 7d 48 41 3b fe 76 53
0x00007ffc70b99fe9:   be 08 00 00 00 66 90 44 3b 75 18 73 0a 48 8b 45
0x00007ffc70b99ff9:   20 48 8b 1c 06 eb 02 33 db 8b 43 2c 24 03 3c 02
0x00007ffc70b9a009:   75 25 48 8b 03 48 8b cb ff 90 e8 00 00 00 85 c0
0x00007ffc70b9a019:   74 15 4c 8b 43 08 48 8b d3 8b c0 49 8b cd 4d 8b
0x00007ffc70b9a029:   04 c0 e8 50 01 00 00 41 ff c6 48 83 c6 08 44 3b
0x00007ffc70b9a039:   f7 72 b4 48 8b 5c 24 48 48 8b 6c 24 50 48 8b 74 


Stack slot to memory mapping:

stack at sp + 0 slots: 0x0000023b00000030 is an unknown value
stack at sp + 1 slots: 0x0000000000000007 is an unknown value
stack at sp + 2 slots: 0x0000023b5b432070 points into unknown readable memory: 0x0000000000000002 | 02 00 00 00 00 00 00 00
stack at sp + 3 slots: 0x0000023ba2389320 points into unknown readable memory: 0x00007ffc7129d2c0 | c0 d2 29 71 fc 7f 00 00
stack at sp + 4 slots: 0x00000077feffce60 is pointing into the stack for thread: 0x0000023b5b1fcda0
stack at sp + 5 slots: 0x0000000000000001 is an unknown value
stack at sp + 6 slots: 0x0000000000000016 is an unknown value
stack at sp + 7 slots: 0x00007ffc70b9a166 jvm.dll


---------------  P R O C E S S  ---------------

Threads class SMR info:
_java_thread_list=0x0000023ba4906800, length=19, elements={
0x0000023b3c904a20, 0x0000023b5b1e80f0, 0x0000023b5b1eb480, 0x0000023b5b1ec510,
0x0000023b5b1ef130, 0x0000023b5b1efd40, 0x0000023b5b1f8960, 0x0000023b5b1fcda0,
0x0000023b5b21fa10, 0x0000023b5b1b1eb0, 0x0000023b5b6e8860, 0x0000023b5b724ab0,
0x0000023ba2f1e140, 0x0000023ba2f1b350, 0x0000023ba2f1e7d0, 0x0000023ba2f1c700,
0x0000023ba2f1b9e0, 0x0000023ba2f1cd90, 0x0000023ba43c2160
}

Java Threads: ( => current thread )
  0x0000023b3c904a20 JavaThread "main"                              [_thread_in_native, id=14212, stack(0x00000077fe100000,0x00000077fe200000) (1024K)]
  0x0000023b5b1e80f0 JavaThread "Reference Handler"          daemon [_thread_blocked, id=15588, stack(0x00000077fe900000,0x00000077fea00000) (1024K)]
  0x0000023b5b1eb480 JavaThread "Finalizer"                  daemon [_thread_blocked, id=16320, stack(0x00000077fea00000,0x00000077feb00000) (1024K)]
  0x0000023b5b1ec510 JavaThread "Signal Dispatcher"          daemon [_thread_blocked, id=15684, stack(0x00000077feb00000,0x00000077fec00000) (1024K)]
  0x0000023b5b1ef130 JavaThread "Attach Listener"            daemon [_thread_blocked, id=14756, stack(0x00000077fec00000,0x00000077fed00000) (1024K)]
  0x0000023b5b1efd40 JavaThread "Service Thread"             daemon [_thread_blocked, id=5224, stack(0x00000077fed00000,0x00000077fee00000) (1024K)]
  0x0000023b5b1f8960 JavaThread "Monitor Deflation Thread"   daemon [_thread_blocked, id=7144, stack(0x00000077fee00000,0x00000077fef00000) (1024K)]
=>0x0000023b5b1fcda0 JavaThread "C2 CompilerThread0"         daemon [_thread_in_native, id=11548, stack(0x00000077fef00000,0x00000077ff000000) (1024K)]
  0x0000023b5b21fa10 JavaThread "C1 CompilerThread0"         daemon [_thread_blocked, id=13792, stack(0x00000077ff000000,0x00000077ff100000) (1024K)]
  0x0000023b5b1b1eb0 JavaThread "Common-Cleaner"             daemon [_thread_blocked, id=16132, stack(0x00000077ff100000,0x00000077ff200000) (1024K)]
  0x0000023b5b6e8860 JavaThread "Monitor Ctrl-Break"         daemon [_thread_in_native, id=8080, stack(0x00000077ff300000,0x00000077ff400000) (1024K)]
  0x0000023b5b724ab0 JavaThread "Notification Thread"        daemon [_thread_blocked, id=8436, stack(0x00000077ff400000,0x00000077ff500000) (1024K)]
  0x0000023ba2f1e140 JavaThread "Catalina-utility-1"                [_thread_blocked, id=13684, stack(0x00000077ff800000,0x00000077ff900000) (1024K)]
  0x0000023ba2f1b350 JavaThread "Catalina-utility-2"                [_thread_blocked, id=14344, stack(0x00000077ff900000,0x00000077ffa00000) (1024K)]
  0x0000023ba2f1e7d0 JavaThread "container-0"                       [_thread_blocked, id=9320, stack(0x00000077ffa00000,0x00000077ffb00000) (1024K)]
  0x0000023ba2f1c700 JavaThread "mysql-cj-abandoned-connection-cleanup" daemon [_thread_blocked, id=5724, stack(0x00000077ffb00000,0x00000077ffc00000) (1024K)]
  0x0000023ba2f1b9e0 JavaThread "HikariPool-1 housekeeper"   daemon [_thread_blocked, id=16360, stack(0x00000077ffd00000,0x00000077ffe00000) (1024K)]
  0x0000023ba2f1cd90 JavaThread "HikariPool-1 connection adder" daemon [_thread_blocked, id=7320, stack(0x00000077ffe00000,0x00000077fff00000) (1024K)]
  0x0000023ba43c2160 JavaThread "C2 CompilerThread1"         daemon [_thread_blocked, id=15828, stack(0x00000077ff200000,0x00000077ff300000) (1024K)]
Total: 19

Other Threads:
  0x0000023b5b1c66f0 VMThread "VM Thread"                           [id=8056, stack(0x00000077fe800000,0x00000077fe900000) (1024K)]
  0x0000023b5b1b09d0 WatcherThread "VM Periodic Task Thread"        [id=13584, stack(0x00000077fe700000,0x00000077fe800000) (1024K)]
  0x0000023b3c96d160 WorkerThread "GC Thread#0"                     [id=16196, stack(0x00000077fe200000,0x00000077fe300000) (1024K)]
  0x0000023b5bb927d0 WorkerThread "GC Thread#1"                     [id=13592, stack(0x00000077ff500000,0x00000077ff600000) (1024K)]
  0x0000023b5bb59f30 WorkerThread "GC Thread#2"                     [id=12164, stack(0x00000077ff600000,0x00000077ff700000) (1024K)]
  0x0000023b5bb5a2d0 WorkerThread "GC Thread#3"                     [id=11948, stack(0x00000077ff700000,0x00000077ff800000) (1024K)]
  0x0000023b3c97f1d0 ConcurrentGCThread "G1 Main Marker"            [id=15056, stack(0x00000077fe300000,0x00000077fe400000) (1024K)]
  0x0000023b3c97fcd0 WorkerThread "G1 Conc#0"                       [id=11668, stack(0x00000077fe400000,0x00000077fe500000) (1024K)]
  0x0000023b3c9ceba0 ConcurrentGCThread "G1 Refine#0"               [id=6624, stack(0x00000077fe500000,0x00000077fe600000) (1024K)]
  0x0000023b5b077840 ConcurrentGCThread "G1 Service"                [id=12740, stack(0x00000077fe600000,0x00000077fe700000) (1024K)]
Total: 10

Threads with active compile tasks:
C2 CompilerThread0     9206 6136       4       com.mysql.cj.util.StringInspector::indexOfNextChar (1428 bytes)
Total: 1

VM state: not at safepoint (normal execution)

VM Mutex/Monitor currently owned by a thread: None

Heap address: 0x0000000701200000, size: 4078 MB, Compressed Oops mode: Zero based, Oop shift amount: 3

CDS archive(s) mapped at: [0x0000023b5c000000-0x0000023b5cc90000-0x0000023b5cc90000), size 13172736, SharedBaseAddress: 0x0000023b5c000000, ArchiveRelocationMode: 1.
Compressed class space mapped at: 0x0000023b5d000000-0x0000023b9d000000, reserved size: 1073741824
Narrow klass base: 0x0000023b5c000000, Narrow klass shift: 0, Narrow klass range: 0x100000000

GC Precious Log:
 CardTable entry size: 512
 Card Set container configuration: InlinePtr #cards 4 size 8 Array Of Cards #cards 16 size 48 Howl #buckets 8 coarsen threshold 3686 Howl Bitmap #cards 512 size 80 coarsen threshold 460 Card regions per heap region 1 cards per card region 4096
 CPUs: 4 total, 4 available
 Memory: 16306M
 Large Page Support: Disabled
 NUMA Support: Disabled
 Compressed Oops: Enabled (Zero based)
 Heap Region Size: 2M
 Heap Min Capacity: 8M
 Heap Initial Capacity: 256M
 Heap Max Capacity: 4078M
 Pre-touch: Disabled
 Parallel Workers: 4
 Concurrent Workers: 1
 Concurrent Refinement Workers: 4
 Periodic GC: Disabled

Heap:
 garbage-first heap   total 51200K, used 40212K [0x0000000701200000, 0x0000000800000000)
  region size 2048K, 10 young (20480K), 1 survivors (2048K)
 Metaspace       used 54933K, committed 55552K, reserved 1114112K
  class space    used 7376K, committed 7680K, reserved 1048576K

Heap Regions: E=young(eden), S=young(survivor), O=old, HS=humongous(starts), HC=humongous(continues), CS=collection set, F=free, TAMS=top-at-mark-start, PB=parsable bottom
|   0|0x0000000701200000, 0x0000000701400000, 0x0000000701400000|100%| O|  |TAMS 0x0000000701200000| PB 0x0000000701200000| Untracked 
|   1|0x0000000701400000, 0x0000000701600000, 0x0000000701600000|100%| O|  |TAMS 0x0000000701400000| PB 0x0000000701400000| Untracked 
|   2|0x0000000701600000, 0x00000007017ec048, 0x0000000701800000| 96%| O|  |TAMS 0x0000000701600000| PB 0x0000000701600000| Untracked 
|   3|0x0000000701800000, 0x0000000701a00000, 0x0000000701a00000|100%| O|  |TAMS 0x0000000701800000| PB 0x0000000701800000| Untracked 
|   4|0x0000000701a00000, 0x0000000701c00000, 0x0000000701c00000|100%| O|  |TAMS 0x0000000701a00000| PB 0x0000000701a00000| Untracked 
|   5|0x0000000701c00000, 0x0000000701e00000, 0x0000000701e00000|100%| O|  |TAMS 0x0000000701c00000| PB 0x0000000701c00000| Untracked 
|   6|0x0000000701e00000, 0x0000000702000000, 0x0000000702000000|100%| O|Cm|TAMS 0x0000000701e00000| PB 0x0000000701e00000| Complete 
|   7|0x0000000702000000, 0x00000007020611e8, 0x0000000702200000| 18%| O|  |TAMS 0x0000000702000000| PB 0x0000000702000000| Untracked 
|   8|0x0000000702200000, 0x0000000702400000, 0x0000000702400000|100%| O|  |TAMS 0x0000000702200000| PB 0x0000000702200000| Untracked 
|   9|0x0000000702400000, 0x0000000702600000, 0x0000000702600000|100%| O|  |TAMS 0x0000000702400000| PB 0x0000000702400000| Untracked 
|  10|0x0000000702600000, 0x0000000702800000, 0x0000000702800000|100%| O|  |TAMS 0x0000000702600000| PB 0x0000000702600000| Untracked 
|  11|0x0000000702800000, 0x0000000702800000, 0x0000000702a00000|  0%| F|  |TAMS 0x0000000702800000| PB 0x0000000702800000| Untracked 
|  12|0x0000000702a00000, 0x0000000702a00000, 0x0000000702c00000|  0%| F|  |TAMS 0x0000000702a00000| PB 0x0000000702a00000| Untracked 
|  13|0x0000000702c00000, 0x0000000702e00000, 0x0000000702e00000|100%| O|  |TAMS 0x0000000702c00000| PB 0x0000000702c00000| Untracked 
|  14|0x0000000702e00000, 0x0000000702e00000, 0x0000000703000000|  0%| F|  |TAMS 0x0000000702e00000| PB 0x0000000702e00000| Untracked 
|  15|0x0000000703000000, 0x0000000703050c40, 0x0000000703200000| 15%| E|  |TAMS 0x0000000703000000| PB 0x0000000703000000| Complete 
|  16|0x0000000703200000, 0x0000000703400000, 0x0000000703400000|100%| E|CS|TAMS 0x0000000703200000| PB 0x0000000703200000| Complete 
|  17|0x0000000703400000, 0x00000007034f7f30, 0x0000000703600000| 48%| S|CS|TAMS 0x0000000703400000| PB 0x0000000703400000| Complete 
|  18|0x0000000703600000, 0x0000000703800000, 0x0000000703800000|100%| E|CS|TAMS 0x0000000703600000| PB 0x0000000703600000| Complete 
|  19|0x0000000703800000, 0x0000000703a00000, 0x0000000703a00000|100%| E|CS|TAMS 0x0000000703800000| PB 0x0000000703800000| Complete 
|  20|0x0000000703a00000, 0x0000000703c00000, 0x0000000703c00000|100%| E|CS|TAMS 0x0000000703a00000| PB 0x0000000703a00000| Complete 
|  99|0x000000070d800000, 0x000000070da00000, 0x000000070da00000|100%| E|CS|TAMS 0x000000070d800000| PB 0x000000070d800000| Complete 
| 100|0x000000070da00000, 0x000000070dc00000, 0x000000070dc00000|100%| E|CS|TAMS 0x000000070da00000| PB 0x000000070da00000| Complete 
| 101|0x000000070dc00000, 0x000000070de00000, 0x000000070de00000|100%| E|CS|TAMS 0x000000070dc00000| PB 0x000000070dc00000| Complete 
| 102|0x000000070de00000, 0x000000070e000000, 0x000000070e000000|100%| E|CS|TAMS 0x000000070de00000| PB 0x000000070de00000| Complete 

Card table byte_map: [0x0000023b54550000,0x0000023b54d50000] _byte_map_base: 0x0000023b50d47000

Marking Bits: (CMBitMap*) 0x0000023b3c96d860
 Bits: [0x0000023b54d50000, 0x0000023b58d08000)

Polling page: 0x0000023b3a8c0000

Metaspace:

Usage:
  Non-class:     46.44 MB used.
      Class:      7.20 MB used.
       Both:     53.65 MB used.

Virtual space:
  Non-class space:       64.00 MB reserved,      46.75 MB ( 73%) committed,  1 nodes.
      Class space:        1.00 GB reserved,       7.50 MB ( <1%) committed,  1 nodes.
             Both:        1.06 GB reserved,      54.25 MB (  5%) committed. 

Chunk freelists:
   Non-Class:  592.00 KB
       Class:  8.54 MB
        Both:  9.12 MB

MaxMetaspaceSize: unlimited
CompressedClassSpaceSize: 1.00 GB
Initial GC threshold: 21.00 MB
Current GC threshold: 84.00 MB
CDS: on
 - commit_granule_bytes: 65536.
 - commit_granule_words: 8192.
 - virtual_space_node_default_size: 8388608.
 - enlarge_chunks_in_place: 1.
 - use_allocation_guard: 0.


Internal statistics:

num_allocs_failed_limit: 6.
num_arena_births: 836.
num_arena_deaths: 0.
num_vsnodes_births: 2.
num_vsnodes_deaths: 0.
num_space_committed: 868.
num_space_uncommitted: 0.
num_chunks_returned_to_freelist: 6.
num_chunks_taken_from_freelist: 2840.
num_chunk_merges: 6.
num_chunk_splits: 2022.
num_chunks_enlarged: 1555.
num_inconsistent_stats: 0.

CodeHeap 'non-profiled nmethods': size=120000Kb used=3007Kb max_used=3007Kb free=116992Kb
 bounds [0x0000023b4c820000, 0x0000023b4cb10000, 0x0000023b53d50000]
CodeHeap 'profiled nmethods': size=120000Kb used=10415Kb max_used=10415Kb free=109584Kb
 bounds [0x0000023b44d50000, 0x0000023b45780000, 0x0000023b4c280000]
CodeHeap 'non-nmethods': size=5760Kb used=1652Kb max_used=1674Kb free=4108Kb
 bounds [0x0000023b4c280000, 0x0000023b4c4f0000, 0x0000023b4c820000]
 total_blobs=6277 nmethods=5583 adapters=596
 compilation: enabled
              stopped_count=0, restarted_count=0
 full_count=0

Compilation events (20 events):
Event: 9.079 Thread 0x0000023b5b21fa10 6189       1       com.mysql.cj.ClientPreparedQuery::getParameterCount (5 bytes)
Event: 9.079 Thread 0x0000023b5b21fa10 nmethod 6189 0x0000023b4cb06090 code [0x0000023b4cb06220, 0x0000023b4cb062e8]
Event: 9.079 Thread 0x0000023b5b21fa10 6190       1       com.mysql.cj.AbstractQuery::getResultType (5 bytes)
Event: 9.079 Thread 0x0000023b5b21fa10 nmethod 6190 0x0000023b4cb06390 code [0x0000023b4cb06520, 0x0000023b4cb065f0]
Event: 9.080 Thread 0x0000023b5b21fa10 6191       1       com.mysql.cj.protocol.Resultset$Concurrency::getIntValue (5 bytes)
Event: 9.080 Thread 0x0000023b5b21fa10 nmethod 6191 0x0000023b4cb06690 code [0x0000023b4cb06820, 0x0000023b4cb068e8]
Event: 9.080 Thread 0x0000023b5b21fa10 6192       3       org.hibernate.boot.model.relational.QualifiedTableName::getTableName (5 bytes)
Event: 9.081 Thread 0x0000023b5b21fa10 nmethod 6192 0x0000023b45765e90 code [0x0000023b45766020, 0x0000023b457661c8]
Event: 9.081 Thread 0x0000023b5b21fa10 6193       3       com.mysql.cj.conf.DefaultPropertySet::getIntegerProperty (6 bytes)
Event: 9.081 Thread 0x0000023b5b21fa10 nmethod 6193 0x0000023b45766290 code [0x0000023b45766440, 0x0000023b45766600]
Event: 9.081 Thread 0x0000023b5b21fa10 6194       3       org.hibernate.tool.schema.extract.internal.ColumnInformationImpl::<init> (44 bytes)
Event: 9.082 Thread 0x0000023b5b21fa10 nmethod 6194 0x0000023b45766690 code [0x0000023b45766840, 0x0000023b45766b58]
Event: 9.082 Thread 0x0000023b5b21fa10 6195       3       org.hibernate.tool.schema.extract.internal.TableInformationImpl::addColumn (18 bytes)
Event: 9.082 Thread 0x0000023b5b21fa10 nmethod 6195 0x0000023b45766c90 code [0x0000023b45766e40, 0x0000023b45767090]
Event: 9.083 Thread 0x0000023ba43c2160 nmethod 6187 0x0000023b4cb06990 code [0x0000023b4cb06b60, 0x0000023b4cb06f48]
Event: 9.084 Thread 0x0000023b5b21fa10 6196       3       org.hibernate.boot.model.naming.Identifier::toString (5 bytes)
Event: 9.084 Thread 0x0000023ba43c2160 6198       4       java.nio.Buffer::limit (65 bytes)
Event: 9.085 Thread 0x0000023ba43c2160 nmethod 6198 0x0000023b4cb07290 code [0x0000023b4cb07420, 0x0000023b4cb07530]
Event: 9.086 Thread 0x0000023b5b21fa10 nmethod 6196 0x0000023b45767190 code [0x0000023b45767500, 0x0000023b45768c40]
Event: 9.086 Thread 0x0000023b5b21fa10 6199       3       java.lang.String::getBytes (16 bytes)

GC Heap History (20 events):
Event: 2.027 GC heap before
{Heap before GC invocations=2 (full 0):
 garbage-first heap   total 262144K, used 33923K [0x0000000701200000, 0x0000000800000000)
  region size 2048K, 15 young (30720K), 1 survivors (2048K)
 Metaspace       used 14180K, committed 14464K, reserved 1114112K
  class space    used 1669K, committed 1792K, reserved 1048576K
}
Event: 2.035 GC heap after
{Heap after GC invocations=3 (full 0):
 garbage-first heap   total 262144K, used 9806K [0x0000000701200000, 0x0000000800000000)
  region size 2048K, 2 young (4096K), 2 survivors (4096K)
 Metaspace       used 14180K, committed 14464K, reserved 1114112K
  class space    used 1669K, committed 1792K, reserved 1048576K
}
Event: 3.663 GC heap before
{Heap before GC invocations=3 (full 0):
 garbage-first heap   total 262144K, used 54862K [0x0000000701200000, 0x0000000800000000)
  region size 2048K, 25 young (51200K), 2 survivors (4096K)
 Metaspace       used 21222K, committed 21504K, reserved 1114112K
  class space    used 2555K, committed 2688K, reserved 1048576K
}
Event: 3.678 GC heap after
{Heap after GC invocations=4 (full 0):
 garbage-first heap   total 262144K, used 13874K [0x0000000701200000, 0x0000000800000000)
  region size 2048K, 4 young (8192K), 4 survivors (8192K)
 Metaspace       used 21222K, committed 21504K, reserved 1114112K
  class space    used 2555K, committed 2688K, reserved 1048576K
}
Event: 4.668 GC heap before
{Heap before GC invocations=5 (full 0):
 garbage-first heap   total 49152K, used 34354K [0x0000000701200000, 0x0000000800000000)
  region size 2048K, 14 young (28672K), 4 survivors (8192K)
 Metaspace       used 24525K, committed 24960K, reserved 1114112K
  class space    used 3030K, committed 3264K, reserved 1048576K
}
Event: 4.685 GC heap after
{Heap after GC invocations=6 (full 0):
 garbage-first heap   total 49152K, used 16226K [0x0000000701200000, 0x0000000800000000)
  region size 2048K, 2 young (4096K), 2 survivors (4096K)
 Metaspace       used 24525K, committed 24960K, reserved 1114112K
  class space    used 3030K, committed 3264K, reserved 1048576K
}
Event: 5.529 GC heap before
{Heap before GC invocations=6 (full 0):
 garbage-first heap   total 49152K, used 36706K [0x0000000701200000, 0x0000000800000000)
  region size 2048K, 12 young (24576K), 2 survivors (4096K)
 Metaspace       used 29047K, committed 29568K, reserved 1114112K
  class space    used 3622K, committed 3904K, reserved 1048576K
}
Event: 5.538 GC heap after
{Heap after GC invocations=7 (full 0):
 garbage-first heap   total 49152K, used 18100K [0x0000000701200000, 0x0000000800000000)
  region size 2048K, 1 young (2048K), 1 survivors (2048K)
 Metaspace       used 29047K, committed 29568K, reserved 1114112K
  class space    used 3622K, committed 3904K, reserved 1048576K
}
Event: 6.219 GC heap before
{Heap before GC invocations=7 (full 0):
 garbage-first heap   total 49152K, used 36532K [0x0000000701200000, 0x0000000800000000)
  region size 2048K, 11 young (22528K), 1 survivors (2048K)
 Metaspace       used 34260K, committed 34816K, reserved 1114112K
  class space    used 4387K, committed 4672K, reserved 1048576K
}
Event: 6.223 GC heap after
{Heap after GC invocations=8 (full 0):
 garbage-first heap   total 49152K, used 19184K [0x0000000701200000, 0x0000000800000000)
  region size 2048K, 2 young (4096K), 2 survivors (4096K)
 Metaspace       used 34260K, committed 34816K, reserved 1114112K
  class space    used 4387K, committed 4672K, reserved 1048576K
}
Event: 6.366 GC heap before
{Heap before GC invocations=8 (full 0):
 garbage-first heap   total 49152K, used 23280K [0x0000000701200000, 0x0000000800000000)
  region size 2048K, 5 young (10240K), 2 survivors (4096K)
 Metaspace       used 35421K, committed 35968K, reserved 1114112K
  class space    used 4596K, committed 4864K, reserved 1048576K
}
Event: 6.370 GC heap after
{Heap after GC invocations=9 (full 0):
 garbage-first heap   total 49152K, used 19578K [0x0000000701200000, 0x0000000800000000)
  region size 2048K, 1 young (2048K), 1 survivors (2048K)
 Metaspace       used 35421K, committed 35968K, reserved 1114112K
  class space    used 4596K, committed 4864K, reserved 1048576K
}
Event: 7.149 GC heap before
{Heap before GC invocations=10 (full 0):
 garbage-first heap   total 49152K, used 38010K [0x0000000701200000, 0x0000000800000000)
  region size 2048K, 11 young (22528K), 1 survivors (2048K)
 Metaspace       used 41741K, committed 42304K, reserved 1114112K
  class space    used 5387K, committed 5632K, reserved 1048576K
}
Event: 7.155 GC heap after
{Heap after GC invocations=11 (full 0):
 garbage-first heap   total 49152K, used 21724K [0x0000000701200000, 0x0000000800000000)
  region size 2048K, 2 young (4096K), 2 survivors (4096K)
 Metaspace       used 41741K, committed 42304K, reserved 1114112K
  class space    used 5387K, committed 5632K, reserved 1048576K
}
Event: 7.735 GC heap before
{Heap before GC invocations=11 (full 0):
 garbage-first heap   total 49152K, used 40156K [0x0000000701200000, 0x0000000800000000)
  region size 2048K, 11 young (22528K), 2 survivors (4096K)
 Metaspace       used 46949K, committed 47488K, reserved 1114112K
  class space    used 6147K, committed 6400K, reserved 1048576K
}
Event: 7.744 GC heap after
{Heap after GC invocations=12 (full 0):
 garbage-first heap   total 49152K, used 23137K [0x0000000701200000, 0x0000000800000000)
  region size 2048K, 1 young (2048K), 1 survivors (2048K)
 Metaspace       used 46949K, committed 47488K, reserved 1114112K
  class space    used 6147K, committed 6400K, reserved 1048576K
}
Event: 8.242 GC heap before
{Heap before GC invocations=12 (full 0):
 garbage-first heap   total 49152K, used 41569K [0x0000000701200000, 0x0000000800000000)
  region size 2048K, 10 young (20480K), 1 survivors (2048K)
 Metaspace       used 50919K, committed 51456K, reserved 1114112K
  class space    used 6777K, committed 7040K, reserved 1048576K
}
Event: 8.246 GC heap after
{Heap after GC invocations=13 (full 0):
 garbage-first heap   total 49152K, used 23509K [0x0000000701200000, 0x0000000800000000)
  region size 2048K, 2 young (4096K), 2 survivors (4096K)
 Metaspace       used 50919K, committed 51456K, reserved 1114112K
  class space    used 6777K, committed 7040K, reserved 1048576K
}
Event: 8.486 GC heap before
{Heap before GC invocations=14 (full 0):
 garbage-first heap   total 51200K, used 37845K [0x0000000701200000, 0x0000000800000000)
  region size 2048K, 9 young (18432K), 2 survivors (4096K)
 Metaspace       used 51121K, committed 51712K, reserved 1114112K
  class space    used 6814K, committed 7104K, reserved 1048576K
}
Event: 8.492 GC heap after
{Heap after GC invocations=15 (full 0):
 garbage-first heap   total 51200K, used 23828K [0x0000000701200000, 0x0000000800000000)
  region size 2048K, 1 young (2048K), 1 survivors (2048K)
 Metaspace       used 51121K, committed 51712K, reserved 1114112K
  class space    used 6814K, committed 7104K, reserved 1048576K
}

Dll operation events (14 events):
Event: 0.017 Loaded shared library C:\Users\Adlear\.jdks\openjdk-21.0.1\bin\java.dll
Event: 0.089 Loaded shared library C:\Users\Adlear\.jdks\openjdk-21.0.1\bin\jsvml.dll
Event: 0.265 Loaded shared library C:\Users\Adlear\.jdks\openjdk-21.0.1\bin\zip.dll
Event: 0.271 Loaded shared library C:\Users\Adlear\.jdks\openjdk-21.0.1\bin\instrument.dll
Event: 0.280 Loaded shared library C:\Users\Adlear\.jdks\openjdk-21.0.1\bin\net.dll
Event: 0.284 Loaded shared library C:\Users\Adlear\.jdks\openjdk-21.0.1\bin\nio.dll
Event: 0.289 Loaded shared library C:\Users\Adlear\.jdks\openjdk-21.0.1\bin\zip.dll
Event: 0.445 Loaded shared library C:\Program Files\JetBrains\IntelliJ IDEA Community Edition 2023.2.3\bin\breakgen64.dll
Event: 0.464 Loaded shared library C:\Users\Adlear\.jdks\openjdk-21.0.1\bin\extnet.dll
Event: 0.518 Loaded shared library C:\Users\Adlear\.jdks\openjdk-21.0.1\bin\jimage.dll
Event: 2.366 Loaded shared library C:\Users\Adlear\.jdks\openjdk-21.0.1\bin\sunmscapi.dll
Event: 5.277 Loaded shared library C:\Users\Adlear\.jdks\openjdk-21.0.1\bin\management.dll
Event: 5.280 Loaded shared library C:\Users\Adlear\.jdks\openjdk-21.0.1\bin\management_ext.dll
Event: 6.110 Loaded shared library C:\Users\Adlear\.jdks\openjdk-21.0.1\bin\verify.dll

Deoptimization events (20 events):
Event: 8.742 Thread 0x0000023b3c904a20 Uncommon trap: trap_request=0xffffffde fr.pc=0x0000023b4c9abb8c relative=0x0000000000000c2c
Event: 8.742 Thread 0x0000023b3c904a20 Uncommon trap: reason=class_check action=maybe_recompile pc=0x0000023b4c9abb8c method=java.util.AbstractList.equals(Ljava/lang/Object;)Z @ 8 c2
Event: 8.742 Thread 0x0000023b3c904a20 DEOPT PACKING pc=0x0000023b4c9abb8c sp=0x00000077fe1fc900
Event: 8.742 Thread 0x0000023b3c904a20 DEOPT UNPACKING pc=0x0000023b4c2d46a2 sp=0x00000077fe1fc8b0 mode 2
Event: 8.821 Thread 0x0000023b3c904a20 Uncommon trap: trap_request=0xffffff45 fr.pc=0x0000023b4cad492c relative=0x000000000000026c
Event: 8.821 Thread 0x0000023b3c904a20 Uncommon trap: reason=unstable_if action=reinterpret pc=0x0000023b4cad492c method=jdk.internal.reflect.DirectMethodHandleAccessor.invokeImpl(Ljava/lang/Object;[Ljava/lang/Object;)Ljava/lang/Object; @ 4 c2
Event: 8.821 Thread 0x0000023b3c904a20 DEOPT PACKING pc=0x0000023b4cad492c sp=0x00000077fe1fdef0
Event: 8.821 Thread 0x0000023b3c904a20 DEOPT UNPACKING pc=0x0000023b4c2d46a2 sp=0x00000077fe1fde20 mode 2
Event: 8.861 Thread 0x0000023b3c904a20 Uncommon trap: trap_request=0xffffff45 fr.pc=0x0000023b4c867068 relative=0x00000000000000c8
Event: 8.861 Thread 0x0000023b3c904a20 Uncommon trap: reason=unstable_if action=reinterpret pc=0x0000023b4c867068 method=java.lang.CharacterDataLatin1.isWhitespace(I)Z @ 14 c2
Event: 8.861 Thread 0x0000023b3c904a20 DEOPT PACKING pc=0x0000023b4c867068 sp=0x00000077fe1fd640
Event: 8.861 Thread 0x0000023b3c904a20 DEOPT UNPACKING pc=0x0000023b4c2d46a2 sp=0x00000077fe1fd508 mode 2
Event: 8.861 Thread 0x0000023b3c904a20 Uncommon trap: trap_request=0xffffff45 fr.pc=0x0000023b4c88b9bc relative=0x000000000000009c
Event: 8.861 Thread 0x0000023b3c904a20 Uncommon trap: reason=unstable_if action=reinterpret pc=0x0000023b4c88b9bc method=java.lang.CharacterDataLatin1.isWhitespace(I)Z @ 14 c2
Event: 8.861 Thread 0x0000023b3c904a20 DEOPT PACKING pc=0x0000023b4c88b9bc sp=0x00000077fe1fd590
Event: 8.861 Thread 0x0000023b3c904a20 DEOPT UNPACKING pc=0x0000023b4c2d46a2 sp=0x00000077fe1fd510 mode 2
Event: 8.875 Thread 0x0000023b3c904a20 Uncommon trap: trap_request=0xffffff45 fr.pc=0x0000023b4c8aa9cc relative=0x00000000000006ac
Event: 8.875 Thread 0x0000023b3c904a20 Uncommon trap: reason=unstable_if action=reinterpret pc=0x0000023b4c8aa9cc method=java.lang.Integer.stringSize(I)I @ 3 c2
Event: 8.875 Thread 0x0000023b3c904a20 DEOPT PACKING pc=0x0000023b4c8aa9cc sp=0x00000077fe1fd880
Event: 8.875 Thread 0x0000023b3c904a20 DEOPT UNPACKING pc=0x0000023b4c2d46a2 sp=0x00000077fe1fd7e0 mode 2

Classes loaded (20 events):
Event: 7.507 Loading class java/util/concurrent/CompletableFuture
Event: 7.508 Loading class java/util/concurrent/CompletableFuture done
Event: 7.508 Loading class java/util/concurrent/CompletableFuture$AltResult
Event: 7.508 Loading class java/util/concurrent/CompletableFuture$AltResult done
Event: 7.509 Loading class java/util/concurrent/CompletableFuture$Completion
Event: 7.509 Loading class java/util/concurrent/CompletableFuture$AsynchronousCompletionTask
Event: 7.509 Loading class java/util/concurrent/CompletableFuture$AsynchronousCompletionTask done
Event: 7.509 Loading class java/util/concurrent/CompletableFuture$Completion done
Event: 7.566 Loading class java/util/concurrent/CancellationException
Event: 7.566 Loading class java/util/concurrent/CancellationException done
Event: 7.857 Loading class java/util/ArrayList$ListItr
Event: 7.857 Loading class java/util/ArrayList$ListItr done
Event: 7.995 Loading class java/util/AbstractList$SubList
Event: 7.996 Loading class java/util/AbstractList$SubList done
Event: 8.010 Loading class java/lang/reflect/AnnotatedArrayType
Event: 8.010 Loading class java/lang/reflect/AnnotatedArrayType done
Event: 8.131 Loading class java/lang/reflect/AnnotatedParameterizedType
Event: 8.131 Loading class java/lang/reflect/AnnotatedParameterizedType done
Event: 8.278 Loading class java/time/Clock$TickClock
Event: 8.278 Loading class java/time/Clock$TickClock done

Classes unloaded (0 events):
No events

Classes redefined (0 events):
No events

Internal exceptions (20 events):
Event: 6.806 Thread 0x0000023b3c904a20 Exception <a 'java/lang/NoSuchMethodError'{0x000000070322edc8}: 'int java.lang.invoke.Invokers$Holder.invokeExact_MT(java.lang.Object, java.lang.Object)'> (0x000000070322edc8) 
thrown [s\open\src\hotspot\share\interpreter\linkResolver.cpp, line 773]
Event: 7.203 Thread 0x0000023b3c904a20 Exception <a 'java/lang/NoSuchMethodError'{0x000000070df54ec8}: 'java.lang.Object java.lang.invoke.DirectMethodHandle$Holder.newInvokeSpecial(java.lang.Object, java.lang.Object, java.lang.Object, java.lang.Object, java.lang.Object, java.lang.Object)'> (0x000000070df54ec8) 
thrown [s\open\src\hotspot\share\interpreter\linkResolver.cpp, line 773]
Event: 7.573 Thread 0x0000023b3c904a20 Exception <a 'java/lang/IncompatibleClassChangeError'{0x000000070347c698}: Found class java.lang.Object, but interface was expected> (0x000000070347c698) 
thrown [s\open\src\hotspot\share\interpreter\linkResolver.cpp, line 840]
Event: 7.588 Thread 0x0000023b3c904a20 Exception <a 'java/lang/NoSuchMethodError'{0x000000070350b0b8}: 'java.lang.Object java.lang.invoke.DirectMethodHandle$Holder.invokeStatic(java.lang.Object, java.lang.Object, int, java.lang.Object)'> (0x000000070350b0b8) 
thrown [s\open\src\hotspot\share\interpreter\linkResolver.cpp, line 773]
Event: 7.588 Thread 0x0000023b3c904a20 Exception <a 'java/lang/NoSuchMethodError'{0x000000070350e8b0}: 'java.lang.Object java.lang.invoke.DirectMethodHandle$Holder.invokeStaticInit(java.lang.Object, java.lang.Object, int, java.lang.Object)'> (0x000000070350e8b0) 
thrown [s\open\src\hotspot\share\interpreter\linkResolver.cpp, line 773]
Event: 8.535 Thread 0x0000023b3c904a20 Exception <a 'java/lang/NoSuchMethodError'{0x000000070dc391a0}: 'void java.lang.invoke.DirectMethodHandle$Holder.invokeStaticInit(java.lang.Object, int, java.lang.Object, java.lang.Object, java.lang.Object, java.lang.Object)'> (0x000000070dc391a0) 
thrown [s\open\src\hotspot\share\interpreter\linkResolver.cpp, line 773]
Event: 8.565 Thread 0x0000023b3c904a20 Exception <a 'java/lang/NoSuchMethodError'{0x000000070dd4e560}: 'int java.lang.invoke.DirectMethodHandle$Holder.invokeStatic(java.lang.Object, java.lang.Object, java.lang.Object, java.lang.Object, java.lang.Object)'> (0x000000070dd4e560) 
thrown [s\open\src\hotspot\share\interpreter\linkResolver.cpp, line 773]
Event: 8.575 Thread 0x0000023b3c904a20 Exception <a 'java/lang/NoSuchMethodError'{0x000000070ddc5e30}: 'int java.lang.invoke.DirectMethodHandle$Holder.invokeSpecial(java.lang.Object, java.lang.Object, java.lang.Object, java.lang.Object, java.lang.Object, java.lang.Object, java.lang.Object)'> (0x000000070ddc5e30) 
thrown [s\open\src\hotspot\share\interpreter\linkResolver.cpp, line 773]
Event: 8.601 Thread 0x0000023b3c904a20 Exception <a 'java/lang/NoSuchMethodError'{0x000000070daa5490}: 'void java.lang.invoke.DirectMethodHandle$Holder.invokeInterface(java.lang.Object, java.lang.Object, int, java.lang.Object)'> (0x000000070daa5490) 
thrown [s\open\src\hotspot\share\interpreter\linkResolver.cpp, line 773]
Event: 8.604 Thread 0x0000023b3c904a20 Exception <a 'java/lang/NoSuchMethodError'{0x000000070dac5f10}: 'java.lang.Object java.lang.invoke.DirectMethodHandle$Holder.newInvokeSpecial(java.lang.Object, java.lang.Object, int, java.lang.Object)'> (0x000000070dac5f10) 
thrown [s\open\src\hotspot\share\interpreter\linkResolver.cpp, line 773]
Event: 8.604 Thread 0x0000023b3c904a20 Exception <a 'java/lang/NoSuchMethodError'{0x000000070dac9870}: 'java.lang.Object java.lang.invoke.Invokers$Holder.linkToTargetMethod(java.lang.Object, int, java.lang.Object, java.lang.Object)'> (0x000000070dac9870) 
thrown [s\open\src\hotspot\share\interpreter\linkResolver.cpp, line 773]
Event: 8.644 Thread 0x0000023b3c904a20 Exception <a 'java/lang/NoSuchMethodError'{0x000000070d87bf20}: 'int java.lang.invoke.DirectMethodHandle$Holder.invokeStatic(java.lang.Object, int, java.lang.Object)'> (0x000000070d87bf20) 
thrown [s\open\src\hotspot\share\interpreter\linkResolver.cpp, line 773]
Event: 8.646 Thread 0x0000023b3c904a20 Exception <a 'java/lang/NoSuchMethodError'{0x000000070d894518}: 'java.lang.Object java.lang.invoke.DirectMethodHandle$Holder.newInvokeSpecial(java.lang.Object, java.lang.Object, java.lang.Object, java.lang.Object, java.lang.Object, int, java.lang.Object)'> (0x000000070d894518) 
thrown [s\open\src\hotspot\share\interpreter\linkResolver.cpp, line 773]
Event: 8.693 Thread 0x0000023b3c904a20 Exception <a 'java/lang/NoSuchMethodError'{0x0000000703a8cad0}: 'java.lang.Object java.lang.invoke.DirectMethodHandle$Holder.newInvokeSpecial(java.lang.Object, java.lang.Object, int, java.lang.Object, int, java.lang.Object, java.lang.Object)'> (0x0000000703a8cad0) 
thrown [s\open\src\hotspot\share\interpreter\linkResolver.cpp, line 773]
Event: 8.707 Thread 0x0000023b3c904a20 Exception <a 'java/lang/NoSuchMethodError'{0x0000000703af6a48}: 'java.lang.Object java.lang.invoke.DirectMethodHandle$Holder.newInvokeSpecial(java.lang.Object, java.lang.Object, java.lang.Object, java.lang.Object, java.lang.Object, java.lang.Object, java.lang.Object, int)'> (0x0000000703af6a48) 
thrown [s\open\src\hotspot\share\interpreter\linkResolver.cpp, line 773]
Event: 8.708 Thread 0x0000023b3c904a20 Exception <a 'java/lang/NoSuchMethodError'{0x0000000703afafa8}: 'java.lang.Object java.lang.invoke.DirectMethodHandle$Holder.invokeSpecial(java.lang.Object, java.lang.Object, java.lang.Object, java.lang.Object, java.lang.Object, java.lang.Object, java.lang.Object, java.lang.Object, int)'> (0x0000000703afafa8) 
thrown [s\open\src\hotspot\share\interpreter\linkResolver.cpp, line 773]
Event: 8.708 Thread 0x0000023b3c904a20 Exception <a 'java/lang/NoSuchMethodError'{0x0000000703afefc0}: 'java.lang.Object java.lang.invoke.Invokers$Holder.linkToTargetMethod(java.lang.Object, java.lang.Object, java.lang.Object, java.lang.Object, java.lang.Object, java.lang.Object, int, java.lang.Object)'> (0x0000000703afefc0) 
thrown [s\open\src\hotspot\share\interpreter\linkResolver.cpp, line 773]
Event: 8.738 Thread 0x0000023b3c904a20 Exception <a 'java/lang/IncompatibleClassChangeError'{0x00000007038019d0}: Found class java.lang.Object, but interface was expected> (0x00000007038019d0) 
thrown [s\open\src\hotspot\share\interpreter\linkResolver.cpp, line 840]
Event: 8.774 Thread 0x0000023b3c904a20 Exception <a 'java/lang/NoSuchMethodError'{0x00000007038f4d20}: 'void java.lang.invoke.DirectMethodHandle$Holder.invokeInterface(java.lang.Object, java.lang.Object)'> (0x00000007038f4d20) 
thrown [s\open\src\hotspot\share\interpreter\linkResolver.cpp, line 773]
Event: 8.955 Thread 0x0000023b3c904a20 Exception <a 'java/lang/NoSuchMethodError'{0x00000007032cdd28}: 'java.lang.Object java.lang.invoke.DirectMethodHandle$Holder.invokeSpecial(java.lang.Object, java.lang.Object, int, java.lang.Object, int)'> (0x00000007032cdd28) 
thrown [s\open\src\hotspot\share\interpreter\linkResolver.cpp, line 773]

ZGC Phase Switch (0 events):
No events

VM Operations (20 events):
Event: 8.049 Executing VM operation: HandshakeAllThreads (Deoptimize)
Event: 8.049 Executing VM operation: HandshakeAllThreads (Deoptimize) done
Event: 8.126 Executing VM operation: ICBufferFull
Event: 8.127 Executing VM operation: ICBufferFull done
Event: 8.242 Executing VM operation: G1CollectForAllocation (G1 Evacuation Pause)
Event: 8.246 Executing VM operation: G1CollectForAllocation (G1 Evacuation Pause) done
Event: 8.302 Executing VM operation: G1PauseRemark
Event: 8.307 Executing VM operation: G1PauseRemark done
Event: 8.327 Executing VM operation: G1PauseCleanup
Event: 8.327 Executing VM operation: G1PauseCleanup done
Event: 8.447 Executing VM operation: ICBufferFull
Event: 8.447 Executing VM operation: ICBufferFull done
Event: 8.486 Executing VM operation: G1CollectForAllocation (G1 Evacuation Pause)
Event: 8.492 Executing VM operation: G1CollectForAllocation (G1 Evacuation Pause) done
Event: 8.717 Executing VM operation: HandshakeAllThreads (Deoptimize)
Event: 8.717 Executing VM operation: HandshakeAllThreads (Deoptimize) done
Event: 8.849 Executing VM operation: HandshakeAllThreads (Deoptimize)
Event: 8.849 Executing VM operation: HandshakeAllThreads (Deoptimize) done
Event: 8.872 Executing VM operation: HandshakeAllThreads (Deoptimize)
Event: 8.872 Executing VM operation: HandshakeAllThreads (Deoptimize) done

Events (20 events):
Event: 8.306 Thread 0x0000023b5b1c66f0 flushing nmethod 0x0000023b4c988c10
Event: 8.306 Thread 0x0000023b5b1c66f0 flushing nmethod 0x0000023b4c975f10
Event: 8.306 Thread 0x0000023b5b1c66f0 flushing nmethod 0x0000023b4c94c390
Event: 8.306 Thread 0x0000023b5b1c66f0 flushing nmethod 0x0000023b4c95be90
Event: 8.306 Thread 0x0000023b5b1c66f0 flushing nmethod 0x0000023b4c95b310
Event: 8.306 Thread 0x0000023b5b1c66f0 flushing nmethod 0x0000023b4c92bd90
Event: 8.306 Thread 0x0000023b5b1c66f0 flushing nmethod 0x0000023b4c923890
Event: 8.306 Thread 0x0000023b5b1c66f0 flushing nmethod 0x0000023b4c91bc90
Event: 8.306 Thread 0x0000023b5b1c66f0 flushing nmethod 0x0000023b4c91ab10
Event: 8.306 Thread 0x0000023b5b1c66f0 flushing nmethod 0x0000023b4c8c1890
Event: 8.306 Thread 0x0000023b5b1c66f0 flushing nmethod 0x0000023b4c8c0a10
Event: 8.306 Thread 0x0000023b5b1c66f0 flushing nmethod 0x0000023b4c8bde10
Event: 8.306 Thread 0x0000023b5b1c66f0 flushing nmethod 0x0000023b4c8b4b10
Event: 8.306 Thread 0x0000023b5b1c66f0 flushing nmethod 0x0000023b4c891810
Event: 8.306 Thread 0x0000023b5b1c66f0 flushing nmethod 0x0000023b4c88a190
Event: 8.306 Thread 0x0000023b5b1c66f0 flushing nmethod 0x0000023b4c880c10
Event: 8.306 Thread 0x0000023b5b1c66f0 flushing nmethod 0x0000023b4c87f710
Event: 8.306 Thread 0x0000023b5b1c66f0 flushing nmethod 0x0000023b4c820010
Event: 8.685 Thread 0x0000023ba3680670 Thread exited: 0x0000023ba3680670
Event: 8.987 Thread 0x0000023ba43c2160 Thread added: 0x0000023ba43c2160


Dynamic libraries:
0x00007ff6db0c0000 - 0x00007ff6db0ce000 	C:\Users\Adlear\.jdks\openjdk-21.0.1\bin\java.exe
0x00007ffcf34d0000 - 0x00007ffcf36c8000 	C:\Windows\SYSTEM32\ntdll.dll
0x00007ffcf1ea0000 - 0x00007ffcf1f5d000 	C:\Windows\System32\KERNEL32.DLL
0x00007ffcf1110000 - 0x00007ffcf1406000 	C:\Windows\System32\KERNELBASE.dll
0x00007ffcf0c30000 - 0x00007ffcf0d30000 	C:\Windows\System32\ucrtbase.dll
0x00007ffcd19b0000 - 0x00007ffcd19c8000 	C:\Users\Adlear\.jdks\openjdk-21.0.1\bin\jli.dll
0x00007ffcd1020000 - 0x00007ffcd103b000 	C:\Users\Adlear\.jdks\openjdk-21.0.1\bin\VCRUNTIME140.dll
0x00007ffcf2ab0000 - 0x00007ffcf2c4e000 	C:\Windows\System32\USER32.dll
0x00007ffcf14c0000 - 0x00007ffcf14e2000 	C:\Windows\System32\win32u.dll
0x00007ffcf3460000 - 0x00007ffcf348c000 	C:\Windows\System32\GDI32.dll
0x00007ffcdcc70000 - 0x00007ffcdcf0a000 	C:\Windows\WinSxS\amd64_microsoft.windows.common-controls_6595b64144ccf1df_6.0.19041.3636_none_60b6a03d71f818d5\COMCTL32.dll
0x00007ffcf0ff0000 - 0x00007ffcf110a000 	C:\Windows\System32\gdi32full.dll
0x00007ffcf0e90000 - 0x00007ffcf0f2d000 	C:\Windows\System32\msvcp_win.dll
0x00007ffcf26b0000 - 0x00007ffcf274e000 	C:\Windows\System32\msvcrt.dll
0x00007ffcf3430000 - 0x00007ffcf3460000 	C:\Windows\System32\IMM32.DLL
0x00007ffcd4060000 - 0x00007ffcd406c000 	C:\Users\Adlear\.jdks\openjdk-21.0.1\bin\vcruntime140_1.dll
0x00007ffcb2c60000 - 0x00007ffcb2cee000 	C:\Users\Adlear\.jdks\openjdk-21.0.1\bin\msvcp140.dll
0x00007ffc70970000 - 0x00007ffc71685000 	C:\Users\Adlear\.jdks\openjdk-21.0.1\bin\server\jvm.dll
0x00007ffcf1840000 - 0x00007ffcf18f3000 	C:\Windows\System32\ADVAPI32.dll
0x00007ffcf19e0000 - 0x00007ffcf1a7f000 	C:\Windows\System32\sechost.dll
0x00007ffcf1a80000 - 0x00007ffcf1ba6000 	C:\Windows\System32\RPCRT4.dll
0x00007ffcf14f0000 - 0x00007ffcf1517000 	C:\Windows\System32\bcrypt.dll
0x00007ffcf1dc0000 - 0x00007ffcf1e2b000 	C:\Windows\System32\WS2_32.dll
0x00007ffcf0130000 - 0x00007ffcf017b000 	C:\Windows\SYSTEM32\POWRPROF.dll
0x00007ffcdd0c0000 - 0x00007ffcdd0e7000 	C:\Windows\SYSTEM32\WINMM.dll
0x00007ffce83c0000 - 0x00007ffce83ca000 	C:\Windows\SYSTEM32\VERSION.dll
0x00007ffceffb0000 - 0x00007ffceffc2000 	C:\Windows\SYSTEM32\UMPDC.dll
0x00007ffceea50000 - 0x00007ffceea62000 	C:\Windows\SYSTEM32\kernel.appcore.dll
0x00007ffcd12d0000 - 0x00007ffcd12da000 	C:\Users\Adlear\.jdks\openjdk-21.0.1\bin\jimage.dll
0x00007ffcdafb0000 - 0x00007ffcdb194000 	C:\Windows\SYSTEM32\DBGHELP.DLL
0x00007ffcdab60000 - 0x00007ffcdab94000 	C:\Windows\SYSTEM32\dbgcore.DLL
0x00007ffcf0ba0000 - 0x00007ffcf0c22000 	C:\Windows\System32\bcryptPrimitives.dll
0x00007ffceafb0000 - 0x00007ffceafbf000 	C:\Users\Adlear\.jdks\openjdk-21.0.1\bin\instrument.dll
0x00007ffccff80000 - 0x00007ffccff9f000 	C:\Users\Adlear\.jdks\openjdk-21.0.1\bin\java.dll
0x00007ffcf1f60000 - 0x00007ffcf26a5000 	C:\Windows\System32\SHELL32.dll
0x00007ffceec50000 - 0x00007ffcef3eb000 	C:\Windows\SYSTEM32\windows.storage.dll
0x00007ffcf2750000 - 0x00007ffcf2aa4000 	C:\Windows\System32\combase.dll
0x00007ffcf05d0000 - 0x00007ffcf05fd000 	C:\Windows\SYSTEM32\Wldp.dll
0x00007ffcf2c50000 - 0x00007ffcf2cfd000 	C:\Windows\System32\SHCORE.dll
0x00007ffcf2f00000 - 0x00007ffcf2f55000 	C:\Windows\System32\shlwapi.dll
0x00007ffcf0ad0000 - 0x00007ffcf0af5000 	C:\Windows\SYSTEM32\profapi.dll
0x00007ffc96810000 - 0x00007ffc968e7000 	C:\Users\Adlear\.jdks\openjdk-21.0.1\bin\jsvml.dll
0x00007ffcc1720000 - 0x00007ffcc1738000 	C:\Users\Adlear\.jdks\openjdk-21.0.1\bin\zip.dll
0x00007ffcd0ff0000 - 0x00007ffcd1000000 	C:\Users\Adlear\.jdks\openjdk-21.0.1\bin\net.dll
0x00007ffce8110000 - 0x00007ffce821a000 	C:\Windows\SYSTEM32\WINHTTP.dll
0x00007ffcf0330000 - 0x00007ffcf039a000 	C:\Windows\system32\mswsock.dll
0x00007ffcc5e70000 - 0x00007ffcc5e86000 	C:\Users\Adlear\.jdks\openjdk-21.0.1\bin\nio.dll
0x00007ffceaf90000 - 0x00007ffceafaa000 	C:\Program Files\JetBrains\IntelliJ IDEA Community Edition 2023.2.3\bin\breakgen64.dll
0x00007ffccd490000 - 0x00007ffccd497000 	C:\Users\Adlear\.jdks\openjdk-21.0.1\bin\extnet.dll
0x00007ffcd7c60000 - 0x00007ffcd7c6e000 	C:\Users\Adlear\.jdks\openjdk-21.0.1\bin\sunmscapi.dll
0x00007ffcf0d30000 - 0x00007ffcf0e8d000 	C:\Windows\System32\CRYPT32.dll
0x00007ffcf0640000 - 0x00007ffcf0668000 	C:\Windows\SYSTEM32\ncrypt.dll
0x00007ffcf0600000 - 0x00007ffcf063b000 	C:\Windows\SYSTEM32\NTASN1.dll
0x00007ffcf0520000 - 0x00007ffcf0538000 	C:\Windows\SYSTEM32\CRYPTSP.dll
0x00007ffcefbf0000 - 0x00007ffcefc24000 	C:\Windows\system32\rsaenh.dll
0x00007ffcf0a50000 - 0x00007ffcf0a7e000 	C:\Windows\SYSTEM32\USERENV.dll
0x00007ffcf0540000 - 0x00007ffcf054c000 	C:\Windows\SYSTEM32\CRYPTBASE.dll
0x00007ffceffd0000 - 0x00007ffcf000b000 	C:\Windows\SYSTEM32\IPHLPAPI.DLL
0x00007ffcf1520000 - 0x00007ffcf1528000 	C:\Windows\System32\NSI.dll
0x00007ffcd7c80000 - 0x00007ffcd7c8a000 	C:\Users\Adlear\.jdks\openjdk-21.0.1\bin\management.dll
0x00007ffcd7c70000 - 0x00007ffcd7c7b000 	C:\Users\Adlear\.jdks\openjdk-21.0.1\bin\management_ext.dll
0x00007ffcf1830000 - 0x00007ffcf1838000 	C:\Windows\System32\PSAPI.DLL
0x00007ffcc16b0000 - 0x00007ffcc16c0000 	C:\Users\Adlear\.jdks\openjdk-21.0.1\bin\verify.dll
0x00007ffcf0010000 - 0x00007ffcf00da000 	C:\Windows\SYSTEM32\DNSAPI.dll
0x00007ffce0310000 - 0x00007ffce031a000 	C:\Windows\System32\rasadhlp.dll
0x00007ffce04e0000 - 0x00007ffce0560000 	C:\Windows\System32\fwpuclnt.dll

dbghelp: loaded successfully - version: 4.0.5 - missing functions: none
symbol engine: initialized successfully - sym options: 0x614 - pdb path: .;C:\Users\Adlear\.jdks\openjdk-21.0.1\bin;C:\Windows\SYSTEM32;C:\Windows\WinSxS\amd64_microsoft.windows.common-controls_6595b64144ccf1df_6.0.19041.3636_none_60b6a03d71f818d5;C:\Users\Adlear\.jdks\openjdk-21.0.1\bin\server;C:\Program Files\JetBrains\IntelliJ IDEA Community Edition 2023.2.3\bin

VM Arguments:
jvm_args: -javaagent:C:\Program Files\JetBrains\IntelliJ IDEA Community Edition 2023.2.3\lib\idea_rt.jar=52275:C:\Program Files\JetBrains\IntelliJ IDEA Community Edition 2023.2.3\bin -Dfile.encoding=UTF-8 -Dsun.stdout.encoding=UTF-8 -Dsun.stderr.encoding=UTF-8 
java_command: com.example.transportsapi.TransportsApiApplication
java_class_path (initial): C:\Users\Adlear\Documents\Dev\Mem\Mem App\BACK\management-api\target\classes;C:\Users\Adlear\.m2\repository\org\springframework\boot\spring-boot-starter-data-jpa\3.2.0\spring-boot-starter-data-jpa-3.2.0.jar;C:\Users\Adlear\.m2\repository\org\springframework\boot\spring-boot-starter-aop\3.2.0\spring-boot-starter-aop-3.2.0.jar;C:\Users\Adlear\.m2\repository\org\springframework\spring-aop\6.1.1\spring-aop-6.1.1.jar;C:\Users\Adlear\.m2\repository\org\aspectj\aspectjweaver\1.9.20.1\aspectjweaver-1.9.20.1.jar;C:\Users\Adlear\.m2\repository\org\springframework\boot\spring-boot-starter-jdbc\3.2.0\spring-boot-starter-jdbc-3.2.0.jar;C:\Users\Adlear\.m2\repository\com\zaxxer\HikariCP\5.0.1\HikariCP-5.0.1.jar;C:\Users\Adlear\.m2\repository\org\springframework\spring-jdbc\6.1.1\spring-jdbc-6.1.1.jar;C:\Users\Adlear\.m2\repository\org\hibernate\orm\hibernate-core\6.3.1.Final\hibernate-core-6.3.1.Final.jar;C:\Users\Adlear\.m2\repository\jakarta\persistence\jakarta.persistence-api\3.1.0\jakarta.persistence-api-3.1.0.jar;C:\Users\Adlear\.m2\repository\jakarta\transaction\jakarta.transaction-api\2.0.1\jakarta.transaction-api-2.0.1.jar;C:\Users\Adlear\.m2\repository\org\jboss\logging\jboss-logging\3.5.3.Final\jboss-logging-3.5.3.Final.jar;C:\Users\Adlear\.m2\repository\org\hibernate\common\hibernate-commons-annotations\6.0.6.Final\hibernate-commons-annotations-6.0.6.Final.jar;C:\Users\Adlear\.m2\repository\io\smallrye\jandex\3.1.2\jandex-3.1.2.jar;C:\Users\Adlear\.m2\repository\com\fasterxml\classmate\1.6.0\classmate-1.6.0.jar;C:\Users\Adlear\.m2\repository\net\bytebuddy\byte-buddy\1.14.10\byte-buddy-1.14.10.jar;C:\Users\Adlear\.m2\repository\org\glassfish\jaxb\jaxb-runtime\4.0.4\jaxb-runtime-4.0.4.jar;C:\Users\Adlear\.m2\repository\org\glassfish\jaxb\jaxb-core\4.0.4\jaxb-core-4.0.4.jar;C:\Users\Adlear\.m2\repository\org\eclipse\angus\angus-activation\2.0.1\angus-activation-2.0.1.jar;C:\Users\Adlear\.m2\repository\org\glassfish\jaxb\txw2\4.0.4\txw2-4.0.4.jar;C:\Users\Adlear\.m2\repository\com\sun\istack\istack-commons-runtime\4.1.2\istack-commons-runtime-4.1.2.jar;C:\Users\Adlear\.m2\repository\jakarta\inject\jakarta.inject-api\2.0.1\jakarta.inject-api-2.0.1.jar;C:\Users\Adlear\.m2\repository\org\antlr\antlr4-runtime\4.10.1\antlr4-runtime-4.10.1.jar;C:\Users\Adlear\.m2\repository\org\springframework\data\spring-data-jpa\3.2.0\spring-data-jpa-3.2.0.jar;C:\Users\Adlear\.m2\repository\org\springframework\data\spring-data-commons\3.2.0\spring-data-commons-3.2.0.jar;C:\Users\Adlear\.m2\repository\org\springframework\spring-orm\6.1.1\spring-orm-6.1.1.jar;C:\Users\Adlear\.m2\repository\org\springframework\spring-context\6.1.1\spring-context-6.1.1.jar;C:\Users\Adlear\.m2\repository\org\springframework\spring-tx\6.1.1\spring-tx-6.1.1.jar;C:\Users\Adlear\.m2\repository\org\springframework\spring-beans\6.1.1\spring-beans-6.1.1.jar;C:\Users\Adlear\.m2\repository\jakarta\annotation\jakarta.annotation-api\2.1.1\jakarta.annotation-api-2.1.1.jar;C:\Users\Adlear\.m2\repository\org\slf4j\slf4j-api\2.0.9\slf4j-api-2.0.9.jar;C:\Users\Adlear\.m2\repository\org\springframework\spring-aspects\6.1.1\spring-aspects-6.1.1.jar;C:\Users\Adlear\.m2\repository\org\springframework\boot\spring-boot-starter-web\3.2.0\spring-boot-starter-web-3.2.0.jar;C:\Users\Adlear\.m2\repository\org\springframework\boot\spring-boot-starter\3.2.0\spring-boot-starter-3.2.0.jar;C:\Users\Adlear\.m2\repository\org\springframework\boot\spring-boot\3.2.0\spring-boot-3.2.0.jar;C:\Users\Adlear\.m2\repository\org\springframework\boot\spring-boot-autoconfigure\3.2.0\spring-boot-autoconfigure-3.2.0.jar;C:\Users\Adlear\.m2\repository\org\springframework\boot\spring-boot-starter-logging\3.2.0\spring-boot-starter-logging-3.2.0.jar;C:\Users\Adlear\.m2\repository\ch\qos\logback\logback-classic\1.4.11\logback-classic-1.4.11.jar;C:\Users\Adlear\.m2\repository\ch\qos\logback\logback-core\1.4.11\logback-core-1.4.11.jar;C:\Users\Adlear\.m2\repository\org\apache\logging\log4j\log4j-to-slf4j\2.21.1\log4j-to-slf4j-2.21.1.jar;C:\Users\Adlear\.m2\repository\org\apache\logging\log4j\log4j-api\2.21.1\log4j-api-2.21.1.jar;C:\Users\Adlear\.m2\repository\org\slf4j\jul-to-slf4j\2.0.9\jul-to-slf4j-2.0.9.jar;C:\Users\Adlear\.m2\repository\org\yaml\snakeyaml\2.2\snakeyaml-2.2.jar;C:\Users\Adlear\.m2\repository\org\springframework\boot\spring-boot-starter-json\3.2.0\spring-boot-starter-json-3.2.0.jar;C:\Users\Adlear\.m2\repository\com\fasterxml\jackson\datatype\jackson-datatype-jdk8\2.15.3\jackson-datatype-jdk8-2.15.3.jar;C:\Users\Adlear\.m2\repository\com\fasterxml\jackson\datatype\jackson-datatype-jsr310\2.15.3\jackson-datatype-jsr310-2.15.3.jar;C:\Users\Adlear\.m2\repository\com\fasterxml\jackson\module\jackson-module-parameter-names\2.15.3\jackson-module-parameter-names-2.15.3.jar;C:\Users\Adlear\.m2\repository\org\springframework\boot\spring-boot-starter-tomcat\3.2.0\spring-boot-starter-tomcat-3.2.0.jar;C:\Users\Adlear\.m2\repository\org\apache\tomcat\embed\tomcat-embed-core\10.1.16\tomcat-embed-core-10.1.16.jar;C:\Users\Adlear\.m2\repository\org\apache\tomcat\embed\tomcat-embed-el\10.1.16\tomcat-embed-el-10.1.16.jar;C:\Users\Adlear\.m2\repository\org\apache\tomcat\embed\tomcat-embed-websocket\10.1.16\tomcat-embed-websocket-10.1.16.jar;C:\Users\Adlear\.m2\repository\org\springframework\spring-web\6.1.1\spring-web-6.1.1.jar;C:\Users\Adlear\.m2\repository\io\micrometer\micrometer-observation\1.12.0\micrometer-observation-1.12.0.jar;C:\Users\Adlear\.m2\repository\io\micrometer\micrometer-commons\1.12.0\micrometer-commons-1.12.0.jar;C:\Users\Adlear\.m2\repository\org\springframework\spring-webmvc\6.1.1\spring-webmvc-6.1.1.jar;C:\Users\Adlear\.m2\repository\org\springframework\spring-expression\6.1.1\spring-expression-6.1.1.jar;C:\Users\Adlear\.m2\repository\jakarta\xml\bind\jakarta.xml.bind-api\4.0.1\jakarta.xml.bind-api-4.0.1.jar;C:\Users\Adlear\.m2\repository\jakarta\activation\jakarta.activation-api\2.1.2\jakarta.activation-api-2.1.2.jar;C:\Users\Adlear\.m2\repository\org\mockito\mockito-core\5.7.0\mockito-core-5.7.0.jar;C:\Users\Adlear\.m2\repository\net\bytebuddy\byte-buddy-agent\1.14.10\byte-buddy-agent-1.14.10.jar;C:\Users\Adlear\.m2\repository\org\objenesis\objenesis\3.3\objenesis-3.3.jar;C:\Users\Adlear\.m2\repository\org\springframework\spring-core\6.1.1\spring-core-6.1.1.jar;C:\Users\Adlear\.m2\repository\org\springframework\spring-jcl\6.1.1\spring-jcl-6.1.1.jar;C:\Users\Adlear\.m2\repository\com\mysql\mysql-connector-j\8.0.33\mysql-connector-j-8.0.33.jar;C:\Users\Adlear\.m2\repository\javax\xml\bind\jaxb-api\2.3.0\jaxb-api-2.3.0.jar;C:\Users\Adlear\.m2\repository\mysql\mysql-connector-java\8.0.19\mysql-connector-java-8.0.19.jar;C:\Users\Adlear\.m2\repository\com\google\protobuf\protobuf-java\3.6.1\protobuf-java-3.6.1.jar;C:\Users\Adlear\.m2\repository\org\mapstruct\mapstruct\1.5.5.Final\mapstruct-1.5.5.Final.jar;C:\Users\Adlear\.m2\repository\de\mkammerer\argon2-jvm\2.5\argon2-jvm-2.5.jar;C:\Users\Adlear\.m2\repository\net\java\dev\jna\jna\4.5.2\jna-4.5.2.jar;C:\Users\Adlear\.m2\repository\io\jsonwebtoken\jjwt\0.9.1\jjwt-0.9.1.jar;C:\Users\Adlear\.m2\repository\com\fasterxml\jackson\core\jackson-databind\2.15.3\jackson-databind-2.15.3.jar;C:\Users\Adlear\.m2\repository\com\sendgrid\sendgrid-java\4.4.0\sendgrid-java-4.4.0.jar;C:\Users\Adlear\.m2\repository\com\sendgrid\java-http-client\4.1.0\java-http-client-4.1.0.jar;C:\Users\Adlear\.m2\repository\org\apache\httpcomponents\httpcore\4.4.16\httpcore-4.4.16.jar;C:\Users\Adlear\.m2\repository\org\apache\httpcomponents\httpclient\4.5.2\httpclient-4.5.2.jar;C:\Users\Adlear\.m2\repository\commons-logging\commons-logging\1.2\commons-logging-1.2.jar;C:\Users\Adlear\.m2\repository\commons-codec\commons-codec\1.16.0\commons-codec-1.16.0.jar;C:\Users\Adlear\.m2\repository\com\fasterxml\jackson\core\jackson-annotations\2.15.3\jackson-annotations-2.15.3.jar;C:\Users\Adlear\.m2\repository\com\fasterxml\jackson\core\jackson-core\2.15.3\jackson-core-2.15.3.jar;C:\Users\Adlear\.m2\repository\com\itextpdf\itextpdf\5.5.13.3\itextpdf-5.5.13.3.jar
Launcher Type: SUN_STANDARD

[Global flags]
     intx CICompilerCount                          = 3                                         {product} {ergonomic}
     uint ConcGCThreads                            = 1                                         {product} {ergonomic}
     uint G1ConcRefinementThreads                  = 4                                         {product} {ergonomic}
   size_t G1HeapRegionSize                         = 2097152                                   {product} {ergonomic}
    uintx GCDrainStackTargetSize                   = 64                                        {product} {ergonomic}
   size_t InitialHeapSize                          = 268435456                                 {product} {ergonomic}
   size_t MarkStackSize                            = 4194304                                   {product} {ergonomic}
   size_t MaxHeapSize                              = 4276092928                                {product} {ergonomic}
   size_t MaxNewSize                               = 2564816896                                {product} {ergonomic}
   size_t MinHeapDeltaBytes                        = 2097152                                   {product} {ergonomic}
   size_t MinHeapSize                              = 8388608                                   {product} {ergonomic}
    uintx NonNMethodCodeHeapSize                   = 5832780                                {pd product} {ergonomic}
    uintx NonProfiledCodeHeapSize                  = 122912730                              {pd product} {ergonomic}
    uintx ProfiledCodeHeapSize                     = 122912730                              {pd product} {ergonomic}
    uintx ReservedCodeCacheSize                    = 251658240                              {pd product} {ergonomic}
     bool SegmentedCodeCache                       = true                                      {product} {ergonomic}
   size_t SoftMaxHeapSize                          = 4276092928                             {manageable} {ergonomic}
     bool UseCompressedOops                        = true                           {product lp64_product} {ergonomic}
     bool UseG1GC                                  = true                                      {product} {ergonomic}
     bool UseLargePagesIndividualAllocation        = false                                  {pd product} {ergonomic}

Logging:
Log output configuration:
 #0: stdout all=warning uptime,level,tags foldmultilines=false
 #1: stderr all=off uptime,level,tags foldmultilines=false

Environment Variables:
PATH=C:\Python312\Scripts\;C:\Python312\;C:\Windows\system32;C:\Windows;C:\Windows\System32\Wbem;C:\Windows\System32\WindowsPowerShell\v1.0\;C:\Windows\System32\OpenSSH\;C:\Program Files\Git\cmd;C:\ProgramData\chocolatey\bin;C:\Program Files\nodejs\;C:\Program Files\dotnet\;C:\Users\Adlear\AppData\Local\Microsoft\WindowsApps;;C:\Users\Adlear\AppData\Local\Programs\Microsoft VS Code\bin;C:\AppServ\Apache24\bin;C:\AppServ\php7;C:\AppServ\MySQL\bin;C:\Users\Adlear\AppData\Roaming\npm;C:\Program Files\JetBrains\IntelliJ IDEA Community Edition 2023.2.3\bin;
USERNAME=Adlear
OS=Windows_NT
PROCESSOR_IDENTIFIER=Intel64 Family 6 Model 61 Stepping 4, GenuineIntel
TMP=C:\Users\Adlear\AppData\Local\Temp
TEMP=C:\Users\Adlear\AppData\Local\Temp




Periodic native trim disabled

---------------  S Y S T E M  ---------------

OS:
 Windows 10 , 64 bit Build 19041 (10.0.19041.3636)
OS uptime: 0 days 1:31 hours

CPU: total 4 (initial active 4) (2 cores per cpu, 2 threads per core) family 6 model 61 stepping 4 microcode 0x2d, cx8, cmov, fxsr, ht, mmx, 3dnowpref, sse, sse2, sse3, ssse3, sse4.1, sse4.2, popcnt, lzcnt, tsc, tscinvbit, avx, avx2, aes, erms, clmul, bmi1, bmi2, adx, fma, vzeroupper, clflush, rdtscp, f16c
Processor Information for all 4 processors :
  Max Mhz: 2401, Current Mhz: 2400, Mhz Limit: 2376

Memory: 4k page, system-wide physical 16306M (7740M free)
TotalPageFile size 18738M (AvailPageFile size 7375M)
current process WorkingSet (physical memory assigned to process): 217M, peak: 217M
current process commit charge ("private bytes"): 246M, peak: 403M

vm_info: OpenJDK 64-Bit Server VM (21.0.1+12-29) for windows-amd64 JRE (21.0.1+12-29), built on 2023-10-05T13:27:09Z by "mach5one" with MS VC++ 17.1 (VS2022)

END.
